CRITICAL - 2023-09-27 15:06:16 --> Array to string conversion
in APPPATH\Views\users\usuarios2.php on line 14.
 1 APPPATH\Views\users\usuarios2.php(14): CodeIgniter\Debug\Exceptions->errorHandler(2, 'Array to string conversion', 'C:\\xampp\\htdocs\\blog2\\app\\Views\\users\\usuarios2.php', 14)
 2 SYSTEMPATH\View\View.php(226): include('C:\\xampp\\htdocs\\blog2\\app\\Views\\users\\usuarios2.php')
 3 SYSTEMPATH\View\View.php(229): CodeIgniter\View\View->CodeIgniter\View\{closure}()
 4 SYSTEMPATH\Common.php(1188): CodeIgniter\View\View->render('users/usuarios2', [], true)
 5 APPPATH\Controllers\UserController.php(42): view('users/usuarios2', [...])
 6 SYSTEMPATH\CodeIgniter.php(919): App\Controllers\UserController->usuarios2()
 7 SYSTEMPATH\CodeIgniter.php(494): CodeIgniter\CodeIgniter->runController(Object(App\Controllers\UserController))
 8 SYSTEMPATH\CodeIgniter.php(353): CodeIgniter\CodeIgniter->handleRequest(null, Object(Config\Cache), false)
 9 FCPATH\index.php(79): CodeIgniter\CodeIgniter->run()
10 SYSTEMPATH\Commands\Server\rewrite.php(47): require_once('C:\\xampp\\htdocs\\blog2\\public\\index.php')
CRITICAL - 2023-09-27 15:17:20 --> Undefined variable $activo
in APPPATH\Views\users\usuarios2.php on line 24.
 1 APPPATH\Views\users\usuarios2.php(24): CodeIgniter\Debug\Exceptions->errorHandler(2, 'Undefined variable $activo', 'C:\\xampp\\htdocs\\blog2\\app\\Views\\users\\usuarios2.php', 24)
 2 SYSTEMPATH\View\View.php(226): include('C:\\xampp\\htdocs\\blog2\\app\\Views\\users\\usuarios2.php')
 3 SYSTEMPATH\View\View.php(229): CodeIgniter\View\View->CodeIgniter\View\{closure}()
 4 SYSTEMPATH\Common.php(1188): CodeIgniter\View\View->render('users/usuarios2', [], true)
 5 APPPATH\Controllers\UserController.php(42): view('users/usuarios2', [...])
 6 SYSTEMPATH\CodeIgniter.php(919): App\Controllers\UserController->usuarios2()
 7 SYSTEMPATH\CodeIgniter.php(494): CodeIgniter\CodeIgniter->runController(Object(App\Controllers\UserController))
 8 SYSTEMPATH\CodeIgniter.php(353): CodeIgniter\CodeIgniter->handleRequest(null, Object(Config\Cache), false)
 9 FCPATH\index.php(79): CodeIgniter\CodeIgniter->run()
10 SYSTEMPATH\Commands\Server\rewrite.php(47): require_once('C:\\xampp\\htdocs\\blog2\\public\\index.php')
CRITICAL - 2023-09-27 15:17:36 --> Undefined variable $activo
in APPPATH\Views\users\usuarios2.php on line 24.
 1 APPPATH\Views\users\usuarios2.php(24): CodeIgniter\Debug\Exceptions->errorHandler(2, 'Undefined variable $activo', 'C:\\xampp\\htdocs\\blog2\\app\\Views\\users\\usuarios2.php', 24)
 2 SYSTEMPATH\View\View.php(226): include('C:\\xampp\\htdocs\\blog2\\app\\Views\\users\\usuarios2.php')
 3 SYSTEMPATH\View\View.php(229): CodeIgniter\View\View->CodeIgniter\View\{closure}()
 4 SYSTEMPATH\Common.php(1188): CodeIgniter\View\View->render('users/usuarios2', [], true)
 5 APPPATH\Controllers\UserController.php(42): view('users/usuarios2', [...])
 6 SYSTEMPATH\CodeIgniter.php(919): App\Controllers\UserController->usuarios2()
 7 SYSTEMPATH\CodeIgniter.php(494): CodeIgniter\CodeIgniter->runController(Object(App\Controllers\UserController))
 8 SYSTEMPATH\CodeIgniter.php(353): CodeIgniter\CodeIgniter->handleRequest(null, Object(Config\Cache), false)
 9 FCPATH\index.php(79): CodeIgniter\CodeIgniter->run()
10 SYSTEMPATH\Commands\Server\rewrite.php(47): require_once('C:\\xampp\\htdocs\\blog2\\public\\index.php')
CRITICAL - 2023-09-27 15:32:05 --> Array to string conversion
in APPPATH\Views\users\usuarios3.php on line 4.
 1 APPPATH\Views\users\usuarios3.php(4): CodeIgniter\Debug\Exceptions->errorHandler(2, 'Array to string conversion', 'C:\\xampp\\htdocs\\blog2\\app\\Views\\users\\usuarios3.php', 4)
 2 SYSTEMPATH\View\View.php(226): include('C:\\xampp\\htdocs\\blog2\\app\\Views\\users\\usuarios3.php')
 3 SYSTEMPATH\View\View.php(229): CodeIgniter\View\View->CodeIgniter\View\{closure}()
 4 SYSTEMPATH\Common.php(1188): CodeIgniter\View\View->render('users/usuarios3', [], true)
 5 APPPATH\Controllers\UserController.php(54): view('users/usuarios3', [...])
 6 SYSTEMPATH\CodeIgniter.php(919): App\Controllers\UserController->usuarios3()
 7 SYSTEMPATH\CodeIgniter.php(494): CodeIgniter\CodeIgniter->runController(Object(App\Controllers\UserController))
 8 SYSTEMPATH\CodeIgniter.php(353): CodeIgniter\CodeIgniter->handleRequest(null, Object(Config\Cache), false)
 9 FCPATH\index.php(79): CodeIgniter\CodeIgniter->run()
10 SYSTEMPATH\Commands\Server\rewrite.php(47): require_once('C:\\xampp\\htdocs\\blog2\\public\\index.php')
CRITICAL - 2023-09-27 15:32:48 --> Array to string conversion
in APPPATH\Views\users\usuarios3.php on line 4.
 1 APPPATH\Views\users\usuarios3.php(4): CodeIgniter\Debug\Exceptions->errorHandler(2, 'Array to string conversion', 'C:\\xampp\\htdocs\\blog2\\app\\Views\\users\\usuarios3.php', 4)
 2 SYSTEMPATH\View\View.php(226): include('C:\\xampp\\htdocs\\blog2\\app\\Views\\users\\usuarios3.php')
 3 SYSTEMPATH\View\View.php(229): CodeIgniter\View\View->CodeIgniter\View\{closure}()
 4 SYSTEMPATH\Common.php(1188): CodeIgniter\View\View->render('users/usuarios3', [], true)
 5 APPPATH\Controllers\UserController.php(54): view('users/usuarios3', [...])
 6 SYSTEMPATH\CodeIgniter.php(919): App\Controllers\UserController->usuarios3()
 7 SYSTEMPATH\CodeIgniter.php(494): CodeIgniter\CodeIgniter->runController(Object(App\Controllers\UserController))
 8 SYSTEMPATH\CodeIgniter.php(353): CodeIgniter\CodeIgniter->handleRequest(null, Object(Config\Cache), false)
 9 FCPATH\index.php(79): CodeIgniter\CodeIgniter->run()
10 SYSTEMPATH\Commands\Server\rewrite.php(47): require_once('C:\\xampp\\htdocs\\blog2\\public\\index.php')
CRITICAL - 2023-09-27 15:32:49 --> Array to string conversion
in APPPATH\Views\users\usuarios3.php on line 4.
 1 APPPATH\Views\users\usuarios3.php(4): CodeIgniter\Debug\Exceptions->errorHandler(2, 'Array to string conversion', 'C:\\xampp\\htdocs\\blog2\\app\\Views\\users\\usuarios3.php', 4)
 2 SYSTEMPATH\View\View.php(226): include('C:\\xampp\\htdocs\\blog2\\app\\Views\\users\\usuarios3.php')
 3 SYSTEMPATH\View\View.php(229): CodeIgniter\View\View->CodeIgniter\View\{closure}()
 4 SYSTEMPATH\Common.php(1188): CodeIgniter\View\View->render('users/usuarios3', [], true)
 5 APPPATH\Controllers\UserController.php(54): view('users/usuarios3', [...])
 6 SYSTEMPATH\CodeIgniter.php(919): App\Controllers\UserController->usuarios3()
 7 SYSTEMPATH\CodeIgniter.php(494): CodeIgniter\CodeIgniter->runController(Object(App\Controllers\UserController))
 8 SYSTEMPATH\CodeIgniter.php(353): CodeIgniter\CodeIgniter->handleRequest(null, Object(Config\Cache), false)
 9 FCPATH\index.php(79): CodeIgniter\CodeIgniter->run()
10 SYSTEMPATH\Commands\Server\rewrite.php(47): require_once('C:\\xampp\\htdocs\\blog2\\public\\index.php')
