ERROR - 2023-10-03 15:07:42 --> mysqli_sql_exception: You have an error in your SQL syntax; check the manual that corresponds to your MariaDB server version for the right syntax to use near 'select¨from post limit 10' at line 1 in C:\xampp\htdocs\blog2\system\Database\MySQLi\Connection.php:306
Stack trace:
#0 C:\xampp\htdocs\blog2\system\Database\MySQLi\Connection.php(306): mysqli->query('select\xC2\xA8from po...', 0)
#1 C:\xampp\htdocs\blog2\system\Database\BaseConnection.php(692): CodeIgniter\Database\MySQLi\Connection->execute('select\xC2\xA8from po...')
#2 C:\xampp\htdocs\blog2\system\Database\BaseConnection.php(606): CodeIgniter\Database\BaseConnection->simpleQuery('select\xC2\xA8from po...')
#3 C:\xampp\htdocs\blog2\app\Controllers\PostController.php(15): CodeIgniter\Database\BaseConnection->query('select\xC2\xA8from po...')
#4 C:\xampp\htdocs\blog2\system\CodeIgniter.php(919): App\Controllers\PostController->ej01()
#5 C:\xampp\htdocs\blog2\system\CodeIgniter.php(494): CodeIgniter\CodeIgniter->runController(Object(App\Controllers\PostController))
#6 C:\xampp\htdocs\blog2\system\CodeIgniter.php(353): CodeIgniter\CodeIgniter->handleRequest(NULL, Object(Config\Cache), false)
#7 C:\xampp\htdocs\blog2\public\index.php(79): CodeIgniter\CodeIgniter->run()
#8 C:\xampp\htdocs\blog2\system\Commands\Server\rewrite.php(47): require_once('C:\\xampp\\htdocs...')
#9 {main}
CRITICAL - 2023-10-03 15:07:42 --> You have an error in your SQL syntax; check the manual that corresponds to your MariaDB server version for the right syntax to use near 'select¨from post limit 10' at line 1
in SYSTEMPATH\Database\BaseConnection.php on line 646.
 1 APPPATH\Controllers\PostController.php(15): CodeIgniter\Database\BaseConnection->query('select¨from post limit 10')
 2 SYSTEMPATH\CodeIgniter.php(919): App\Controllers\PostController->ej01()
 3 SYSTEMPATH\CodeIgniter.php(494): CodeIgniter\CodeIgniter->runController(Object(App\Controllers\PostController))
 4 SYSTEMPATH\CodeIgniter.php(353): CodeIgniter\CodeIgniter->handleRequest(null, Object(Config\Cache), false)
 5 FCPATH\index.php(79): CodeIgniter\CodeIgniter->run()
 6 SYSTEMPATH\Commands\Server\rewrite.php(47): require_once('C:\\xampp\\htdocs\\blog2\\public\\index.php')
CRITICAL - 2023-10-03 15:29:02 --> Invalid file: "posts/ejerciciosql.php"
in SYSTEMPATH\Exceptions\FrameworkException.php on line 39.
 1 SYSTEMPATH\View\View.php(214): CodeIgniter\Exceptions\FrameworkException::forInvalidFile('posts/ejerciciosql.php')
 2 SYSTEMPATH\Common.php(1188): CodeIgniter\View\View->render('posts/ejerciciosql', [], true)
 3 APPPATH\Controllers\PostController.php(15): view('posts/ejerciciosql', [...])
 4 SYSTEMPATH\CodeIgniter.php(919): App\Controllers\PostController->ejercicio01()
 5 SYSTEMPATH\CodeIgniter.php(494): CodeIgniter\CodeIgniter->runController(Object(App\Controllers\PostController))
 6 SYSTEMPATH\CodeIgniter.php(353): CodeIgniter\CodeIgniter->handleRequest(null, Object(Config\Cache), false)
 7 FCPATH\index.php(79): CodeIgniter\CodeIgniter->run()
 8 SYSTEMPATH\Commands\Server\rewrite.php(47): require_once('C:\\xampp\\htdocs\\blog2\\public\\index.php')
CRITICAL - 2023-10-03 15:29:55 --> Invalid file: "posts/ejercicio01.php"
in SYSTEMPATH\Exceptions\FrameworkException.php on line 39.
 1 SYSTEMPATH\View\View.php(214): CodeIgniter\Exceptions\FrameworkException::forInvalidFile('posts/ejercicio01.php')
 2 SYSTEMPATH\Common.php(1188): CodeIgniter\View\View->render('posts/ejercicio01', [], true)
 3 APPPATH\Controllers\PostController.php(15): view('posts/ejercicio01', [...])
 4 SYSTEMPATH\CodeIgniter.php(919): App\Controllers\PostController->ejercicio01()
 5 SYSTEMPATH\CodeIgniter.php(494): CodeIgniter\CodeIgniter->runController(Object(App\Controllers\PostController))
 6 SYSTEMPATH\CodeIgniter.php(353): CodeIgniter\CodeIgniter->handleRequest(null, Object(Config\Cache), false)
 7 FCPATH\index.php(79): CodeIgniter\CodeIgniter->run()
 8 SYSTEMPATH\Commands\Server\rewrite.php(47): require_once('C:\\xampp\\htdocs\\blog2\\public\\index.php')
CRITICAL - 2023-10-03 15:29:56 --> Invalid file: "posts/ejercicio01.php"
in SYSTEMPATH\Exceptions\FrameworkException.php on line 39.
 1 SYSTEMPATH\View\View.php(214): CodeIgniter\Exceptions\FrameworkException::forInvalidFile('posts/ejercicio01.php')
 2 SYSTEMPATH\Common.php(1188): CodeIgniter\View\View->render('posts/ejercicio01', [], true)
 3 APPPATH\Controllers\PostController.php(15): view('posts/ejercicio01', [...])
 4 SYSTEMPATH\CodeIgniter.php(919): App\Controllers\PostController->ejercicio01()
 5 SYSTEMPATH\CodeIgniter.php(494): CodeIgniter\CodeIgniter->runController(Object(App\Controllers\PostController))
 6 SYSTEMPATH\CodeIgniter.php(353): CodeIgniter\CodeIgniter->handleRequest(null, Object(Config\Cache), false)
 7 FCPATH\index.php(79): CodeIgniter\CodeIgniter->run()
 8 SYSTEMPATH\Commands\Server\rewrite.php(47): require_once('C:\\xampp\\htdocs\\blog2\\public\\index.php')
CRITICAL - 2023-10-03 15:32:24 --> Invalid file: "posts/ejercicio01.php"
in SYSTEMPATH\Exceptions\FrameworkException.php on line 39.
 1 SYSTEMPATH\View\View.php(214): CodeIgniter\Exceptions\FrameworkException::forInvalidFile('posts/ejercicio01.php')
 2 SYSTEMPATH\Common.php(1188): CodeIgniter\View\View->render('posts/ejercicio01', [], true)
 3 APPPATH\Controllers\PostController.php(15): view('posts/ejercicio01', [...])
 4 SYSTEMPATH\CodeIgniter.php(919): App\Controllers\PostController->ejercicio01()
 5 SYSTEMPATH\CodeIgniter.php(494): CodeIgniter\CodeIgniter->runController(Object(App\Controllers\PostController))
 6 SYSTEMPATH\CodeIgniter.php(353): CodeIgniter\CodeIgniter->handleRequest(null, Object(Config\Cache), false)
 7 FCPATH\index.php(79): CodeIgniter\CodeIgniter->run()
 8 SYSTEMPATH\Commands\Server\rewrite.php(47): require_once('C:\\xampp\\htdocs\\blog2\\public\\index.php')
CRITICAL - 2023-10-03 15:33:30 --> Undefined variable $usuarios
in APPPATH\Views\posts\ejercicio01.php on line 14.
 1 APPPATH\Views\posts\ejercicio01.php(14): CodeIgniter\Debug\Exceptions->errorHandler(2, 'Undefined variable $usuarios', 'C:\\xampp\\htdocs\\blog2\\app\\Views\\posts\\ejercicio01.php', 14)
 2 SYSTEMPATH\View\View.php(226): include('C:\\xampp\\htdocs\\blog2\\app\\Views\\posts\\ejercicio01.php')
 3 SYSTEMPATH\View\View.php(229): CodeIgniter\View\View->CodeIgniter\View\{closure}()
 4 SYSTEMPATH\Common.php(1188): CodeIgniter\View\View->render('posts/ejercicio01', [], true)
 5 APPPATH\Controllers\PostController.php(15): view('posts/ejercicio01', [...])
 6 SYSTEMPATH\CodeIgniter.php(919): App\Controllers\PostController->ejercicio01()
 7 SYSTEMPATH\CodeIgniter.php(494): CodeIgniter\CodeIgniter->runController(Object(App\Controllers\PostController))
 8 SYSTEMPATH\CodeIgniter.php(353): CodeIgniter\CodeIgniter->handleRequest(null, Object(Config\Cache), false)
 9 FCPATH\index.php(79): CodeIgniter\CodeIgniter->run()
10 SYSTEMPATH\Commands\Server\rewrite.php(47): require_once('C:\\xampp\\htdocs\\blog2\\public\\index.php')
CRITICAL - 2023-10-03 15:34:47 --> Undefined variable $usuario
in APPPATH\Views\posts\ejercicio01.php on line 16.
 1 APPPATH\Views\posts\ejercicio01.php(16): CodeIgniter\Debug\Exceptions->errorHandler(2, 'Undefined variable $usuario', 'C:\\xampp\\htdocs\\blog2\\app\\Views\\posts\\ejercicio01.php', 16)
 2 SYSTEMPATH\View\View.php(226): include('C:\\xampp\\htdocs\\blog2\\app\\Views\\posts\\ejercicio01.php')
 3 SYSTEMPATH\View\View.php(229): CodeIgniter\View\View->CodeIgniter\View\{closure}()
 4 SYSTEMPATH\Common.php(1188): CodeIgniter\View\View->render('posts/ejercicio01', [], true)
 5 APPPATH\Controllers\PostController.php(15): view('posts/ejercicio01', [...])
 6 SYSTEMPATH\CodeIgniter.php(919): App\Controllers\PostController->ejercicio01()
 7 SYSTEMPATH\CodeIgniter.php(494): CodeIgniter\CodeIgniter->runController(Object(App\Controllers\PostController))
 8 SYSTEMPATH\CodeIgniter.php(353): CodeIgniter\CodeIgniter->handleRequest(null, Object(Config\Cache), false)
 9 FCPATH\index.php(79): CodeIgniter\CodeIgniter->run()
10 SYSTEMPATH\Commands\Server\rewrite.php(47): require_once('C:\\xampp\\htdocs\\blog2\\public\\index.php')
ERROR - 2023-10-03 15:58:42 --> mysqli_sql_exception: Table 'blog.pategories' doesn't exist in C:\xampp\htdocs\blog2\system\Database\MySQLi\Connection.php:306
Stack trace:
#0 C:\xampp\htdocs\blog2\system\Database\MySQLi\Connection.php(306): mysqli->query('select count(*)...', 0)
#1 C:\xampp\htdocs\blog2\system\Database\BaseConnection.php(692): CodeIgniter\Database\MySQLi\Connection->execute('select count(*)...')
#2 C:\xampp\htdocs\blog2\system\Database\BaseConnection.php(606): CodeIgniter\Database\BaseConnection->simpleQuery('select count(*)...')
#3 C:\xampp\htdocs\blog2\app\Controllers\PostController.php(24): CodeIgniter\Database\BaseConnection->query('select count(*)...')
#4 C:\xampp\htdocs\blog2\system\CodeIgniter.php(919): App\Controllers\PostController->ejercicio05()
#5 C:\xampp\htdocs\blog2\system\CodeIgniter.php(494): CodeIgniter\CodeIgniter->runController(Object(App\Controllers\PostController))
#6 C:\xampp\htdocs\blog2\system\CodeIgniter.php(353): CodeIgniter\CodeIgniter->handleRequest(NULL, Object(Config\Cache), false)
#7 C:\xampp\htdocs\blog2\public\index.php(79): CodeIgniter\CodeIgniter->run()
#8 C:\xampp\htdocs\blog2\system\Commands\Server\rewrite.php(47): require_once('C:\\xampp\\htdocs...')
#9 {main}
CRITICAL - 2023-10-03 15:58:42 --> Table 'blog.pategories' doesn't exist
in SYSTEMPATH\Database\BaseConnection.php on line 646.
 1 APPPATH\Controllers\PostController.php(24): CodeIgniter\Database\BaseConnection->query('select count(*) from pategories')
 2 SYSTEMPATH\CodeIgniter.php(919): App\Controllers\PostController->ejercicio05()
 3 SYSTEMPATH\CodeIgniter.php(494): CodeIgniter\CodeIgniter->runController(Object(App\Controllers\PostController))
 4 SYSTEMPATH\CodeIgniter.php(353): CodeIgniter\CodeIgniter->handleRequest(null, Object(Config\Cache), false)
 5 FCPATH\index.php(79): CodeIgniter\CodeIgniter->run()
 6 SYSTEMPATH\Commands\Server\rewrite.php(47): require_once('C:\\xampp\\htdocs\\blog2\\public\\index.php')
