CRITICAL - 2023-10-25 05:35:44 --> chdir(): No such file or directory (errno 2)
in APPPATH\Controllers\DescargaController.php on line 17.
 1 [internal function]: CodeIgniter\Debug\Exceptions->errorHandler(2, 'chdir(): No such file or directory (errno 2)', 'C:\\xampp\\htdocs\\blog2\\app\\Controllers\\DescargaController.php', 17)
 2 APPPATH\Controllers\DescargaController.php(17): chdir('../../../../../Program Files/MySQL/MySQL Workbench 8.0')
 3 SYSTEMPATH\CodeIgniter.php(919): App\Controllers\DescargaController->descargaBD()
 4 SYSTEMPATH\CodeIgniter.php(494): CodeIgniter\CodeIgniter->runController(Object(App\Controllers\DescargaController))
 5 SYSTEMPATH\CodeIgniter.php(353): CodeIgniter\CodeIgniter->handleRequest(null, Object(Config\Cache), false)
 6 FCPATH\index.php(79): CodeIgniter\CodeIgniter->run()
 7 SYSTEMPATH\Commands\Server\rewrite.php(47): require_once('C:\\xampp\\htdocs\\blog2\\public\\index.php')
CRITICAL - 2023-10-25 05:36:13 --> chdir(): No such file or directory (errno 2)
in APPPATH\Controllers\DescargaController.php on line 17.
 1 [internal function]: CodeIgniter\Debug\Exceptions->errorHandler(2, 'chdir(): No such file or directory (errno 2)', 'C:\\xampp\\htdocs\\blog2\\app\\Controllers\\DescargaController.php', 17)
 2 APPPATH\Controllers\DescargaController.php(17): chdir('../../Program Files/MySQL/MySQL Workbench 8.0')
 3 SYSTEMPATH\CodeIgniter.php(919): App\Controllers\DescargaController->descargaBD()
 4 SYSTEMPATH\CodeIgniter.php(494): CodeIgniter\CodeIgniter->runController(Object(App\Controllers\DescargaController))
 5 SYSTEMPATH\CodeIgniter.php(353): CodeIgniter\CodeIgniter->handleRequest(null, Object(Config\Cache), false)
 6 FCPATH\index.php(79): CodeIgniter\CodeIgniter->run()
 7 SYSTEMPATH\Commands\Server\rewrite.php(47): require_once('C:\\xampp\\htdocs\\blog2\\public\\index.php')
CRITICAL - 2023-10-25 05:40:18 --> chdir(): No such file or directory (errno 2)
in APPPATH\Controllers\DescargaController.php on line 17.
 1 [internal function]: CodeIgniter\Debug\Exceptions->errorHandler(2, 'chdir(): No such file or directory (errno 2)', 'C:\\xampp\\htdocs\\blog2\\app\\Controllers\\DescargaController.php', 17)
 2 APPPATH\Controllers\DescargaController.php(17): chdir('../Program Files/MySQL/MySQL Workbench 8.0 CE')
 3 SYSTEMPATH\CodeIgniter.php(919): App\Controllers\DescargaController->descargaBD()
 4 SYSTEMPATH\CodeIgniter.php(494): CodeIgniter\CodeIgniter->runController(Object(App\Controllers\DescargaController))
 5 SYSTEMPATH\CodeIgniter.php(353): CodeIgniter\CodeIgniter->handleRequest(null, Object(Config\Cache), false)
 6 FCPATH\index.php(79): CodeIgniter\CodeIgniter->run()
 7 SYSTEMPATH\Commands\Server\rewrite.php(47): require_once('C:\\xampp\\htdocs\\blog2\\public\\index.php')
CRITICAL - 2023-10-25 05:42:00 --> chdir(): No such file or directory (errno 2)
in APPPATH\Controllers\DescargaController.php on line 17.
 1 [internal function]: CodeIgniter\Debug\Exceptions->errorHandler(2, 'chdir(): No such file or directory (errno 2)', 'C:\\xampp\\htdocs\\blog2\\app\\Controllers\\DescargaController.php', 17)
 2 APPPATH\Controllers\DescargaController.php(17): chdir('../../Program Files/MySQL/MySQL Workbench 8.0 CE')
 3 SYSTEMPATH\CodeIgniter.php(919): App\Controllers\DescargaController->descargaBD()
 4 SYSTEMPATH\CodeIgniter.php(494): CodeIgniter\CodeIgniter->runController(Object(App\Controllers\DescargaController))
 5 SYSTEMPATH\CodeIgniter.php(353): CodeIgniter\CodeIgniter->handleRequest(null, Object(Config\Cache), false)
 6 FCPATH\index.php(79): CodeIgniter\CodeIgniter->run()
 7 SYSTEMPATH\Commands\Server\rewrite.php(47): require_once('C:\\xampp\\htdocs\\blog2\\public\\index.php')
CRITICAL - 2023-10-25 05:42:01 --> chdir(): No such file or directory (errno 2)
in APPPATH\Controllers\DescargaController.php on line 17.
 1 [internal function]: CodeIgniter\Debug\Exceptions->errorHandler(2, 'chdir(): No such file or directory (errno 2)', 'C:\\xampp\\htdocs\\blog2\\app\\Controllers\\DescargaController.php', 17)
 2 APPPATH\Controllers\DescargaController.php(17): chdir('../../Program Files/MySQL/MySQL Workbench 8.0 CE')
 3 SYSTEMPATH\CodeIgniter.php(919): App\Controllers\DescargaController->descargaBD()
 4 SYSTEMPATH\CodeIgniter.php(494): CodeIgniter\CodeIgniter->runController(Object(App\Controllers\DescargaController))
 5 SYSTEMPATH\CodeIgniter.php(353): CodeIgniter\CodeIgniter->handleRequest(null, Object(Config\Cache), false)
 6 FCPATH\index.php(79): CodeIgniter\CodeIgniter->run()
 7 SYSTEMPATH\Commands\Server\rewrite.php(47): require_once('C:\\xampp\\htdocs\\blog2\\public\\index.php')
CRITICAL - 2023-10-25 05:42:02 --> chdir(): No such file or directory (errno 2)
in APPPATH\Controllers\DescargaController.php on line 17.
 1 [internal function]: CodeIgniter\Debug\Exceptions->errorHandler(2, 'chdir(): No such file or directory (errno 2)', 'C:\\xampp\\htdocs\\blog2\\app\\Controllers\\DescargaController.php', 17)
 2 APPPATH\Controllers\DescargaController.php(17): chdir('../../Program Files/MySQL/MySQL Workbench 8.0 CE')
 3 SYSTEMPATH\CodeIgniter.php(919): App\Controllers\DescargaController->descargaBD()
 4 SYSTEMPATH\CodeIgniter.php(494): CodeIgniter\CodeIgniter->runController(Object(App\Controllers\DescargaController))
 5 SYSTEMPATH\CodeIgniter.php(353): CodeIgniter\CodeIgniter->handleRequest(null, Object(Config\Cache), false)
 6 FCPATH\index.php(79): CodeIgniter\CodeIgniter->run()
 7 SYSTEMPATH\Commands\Server\rewrite.php(47): require_once('C:\\xampp\\htdocs\\blog2\\public\\index.php')
CRITICAL - 2023-10-25 05:53:57 --> chdir(): No such file or directory (errno 2)
in APPPATH\Controllers\DescargaController.php on line 18.
 1 [internal function]: CodeIgniter\Debug\Exceptions->errorHandler(2, 'chdir(): No such file or directory (errno 2)', 'C:\\xampp\\htdocs\\blog2\\app\\Controllers\\DescargaController.php', 18)
 2 APPPATH\Controllers\DescargaController.php(18): chdir('../../mysql/data')
 3 SYSTEMPATH\CodeIgniter.php(919): App\Controllers\DescargaController->descargaBD()
 4 SYSTEMPATH\CodeIgniter.php(494): CodeIgniter\CodeIgniter->runController(Object(App\Controllers\DescargaController))
 5 SYSTEMPATH\CodeIgniter.php(353): CodeIgniter\CodeIgniter->handleRequest(null, Object(Config\Cache), false)
 6 FCPATH\index.php(79): CodeIgniter\CodeIgniter->run()
 7 SYSTEMPATH\Commands\Server\rewrite.php(47): require_once('C:\\xampp\\htdocs\\blog2\\public\\index.php')
CRITICAL - 2023-10-25 05:54:27 --> chdir(): No such file or directory (errno 2)
in APPPATH\Controllers\DescargaController.php on line 18.
 1 [internal function]: CodeIgniter\Debug\Exceptions->errorHandler(2, 'chdir(): No such file or directory (errno 2)', 'C:\\xampp\\htdocs\\blog2\\app\\Controllers\\DescargaController.php', 18)
 2 APPPATH\Controllers\DescargaController.php(18): chdir('/../mysql/data')
 3 SYSTEMPATH\CodeIgniter.php(919): App\Controllers\DescargaController->descargaBD()
 4 SYSTEMPATH\CodeIgniter.php(494): CodeIgniter\CodeIgniter->runController(Object(App\Controllers\DescargaController))
 5 SYSTEMPATH\CodeIgniter.php(353): CodeIgniter\CodeIgniter->handleRequest(null, Object(Config\Cache), false)
 6 FCPATH\index.php(79): CodeIgniter\CodeIgniter->run()
 7 SYSTEMPATH\Commands\Server\rewrite.php(47): require_once('C:\\xampp\\htdocs\\blog2\\public\\index.php')
