ERROR - 2023-10-04 02:25:11 --> mysqli_sql_exception: Table 'blog.pategories' doesn't exist in C:\xampp\htdocs\blog2\system\Database\MySQLi\Connection.php:306
Stack trace:
#0 C:\xampp\htdocs\blog2\system\Database\MySQLi\Connection.php(306): mysqli->query('select count(*)...', 0)
#1 C:\xampp\htdocs\blog2\system\Database\BaseConnection.php(692): CodeIgniter\Database\MySQLi\Connection->execute('select count(*)...')
#2 C:\xampp\htdocs\blog2\system\Database\BaseConnection.php(606): CodeIgniter\Database\BaseConnection->simpleQuery('select count(*)...')
#3 C:\xampp\htdocs\blog2\app\Controllers\PostController.php(24): CodeIgniter\Database\BaseConnection->query('select count(*)...')
#4 C:\xampp\htdocs\blog2\system\CodeIgniter.php(919): App\Controllers\PostController->ejercicio05()
#5 C:\xampp\htdocs\blog2\system\CodeIgniter.php(494): CodeIgniter\CodeIgniter->runController(Object(App\Controllers\PostController))
#6 C:\xampp\htdocs\blog2\system\CodeIgniter.php(353): CodeIgniter\CodeIgniter->handleRequest(NULL, Object(Config\Cache), false)
#7 C:\xampp\htdocs\blog2\public\index.php(79): CodeIgniter\CodeIgniter->run()
#8 C:\xampp\htdocs\blog2\system\Commands\Server\rewrite.php(47): require_once('C:\\xampp\\htdocs...')
#9 {main}
CRITICAL - 2023-10-04 02:25:11 --> Table 'blog.pategories' doesn't exist
in SYSTEMPATH\Database\BaseConnection.php on line 646.
 1 APPPATH\Controllers\PostController.php(24): CodeIgniter\Database\BaseConnection->query('select count(*) from pategories')
 2 SYSTEMPATH\CodeIgniter.php(919): App\Controllers\PostController->ejercicio05()
 3 SYSTEMPATH\CodeIgniter.php(494): CodeIgniter\CodeIgniter->runController(Object(App\Controllers\PostController))
 4 SYSTEMPATH\CodeIgniter.php(353): CodeIgniter\CodeIgniter->handleRequest(null, Object(Config\Cache), false)
 5 FCPATH\index.php(79): CodeIgniter\CodeIgniter->run()
 6 SYSTEMPATH\Commands\Server\rewrite.php(47): require_once('C:\\xampp\\htdocs\\blog2\\public\\index.php')
CRITICAL - 2023-10-04 02:25:22 --> Undefined variable $datos
in APPPATH\Views\posts\ejercicio05.php on line 14.
 1 APPPATH\Views\posts\ejercicio05.php(14): CodeIgniter\Debug\Exceptions->errorHandler(2, 'Undefined variable $datos', 'C:\\xampp\\htdocs\\blog2\\app\\Views\\posts\\ejercicio05.php', 14)
 2 SYSTEMPATH\View\View.php(226): include('C:\\xampp\\htdocs\\blog2\\app\\Views\\posts\\ejercicio05.php')
 3 SYSTEMPATH\View\View.php(229): CodeIgniter\View\View->CodeIgniter\View\{closure}()
 4 SYSTEMPATH\Common.php(1188): CodeIgniter\View\View->render('posts/ejercicio05', [], true)
 5 APPPATH\Controllers\PostController.php(31): view('posts/ejercicio05', [...])
 6 SYSTEMPATH\CodeIgniter.php(919): App\Controllers\PostController->ejercicio05()
 7 SYSTEMPATH\CodeIgniter.php(494): CodeIgniter\CodeIgniter->runController(Object(App\Controllers\PostController))
 8 SYSTEMPATH\CodeIgniter.php(353): CodeIgniter\CodeIgniter->handleRequest(null, Object(Config\Cache), false)
 9 FCPATH\index.php(79): CodeIgniter\CodeIgniter->run()
10 SYSTEMPATH\Commands\Server\rewrite.php(47): require_once('C:\\xampp\\htdocs\\blog2\\public\\index.php')
CRITICAL - 2023-10-04 02:26:02 --> Undefined variable $datos
in APPPATH\Views\posts\ejercicio05.php on line 14.
 1 APPPATH\Views\posts\ejercicio05.php(14): CodeIgniter\Debug\Exceptions->errorHandler(2, 'Undefined variable $datos', 'C:\\xampp\\htdocs\\blog2\\app\\Views\\posts\\ejercicio05.php', 14)
 2 SYSTEMPATH\View\View.php(226): include('C:\\xampp\\htdocs\\blog2\\app\\Views\\posts\\ejercicio05.php')
 3 SYSTEMPATH\View\View.php(229): CodeIgniter\View\View->CodeIgniter\View\{closure}()
 4 SYSTEMPATH\Common.php(1188): CodeIgniter\View\View->render('posts/ejercicio05', [], true)
 5 APPPATH\Controllers\PostController.php(31): view('posts/ejercicio05', [...])
 6 SYSTEMPATH\CodeIgniter.php(919): App\Controllers\PostController->ejercicio05()
 7 SYSTEMPATH\CodeIgniter.php(494): CodeIgniter\CodeIgniter->runController(Object(App\Controllers\PostController))
 8 SYSTEMPATH\CodeIgniter.php(353): CodeIgniter\CodeIgniter->handleRequest(null, Object(Config\Cache), false)
 9 FCPATH\index.php(79): CodeIgniter\CodeIgniter->run()
10 SYSTEMPATH\Commands\Server\rewrite.php(47): require_once('C:\\xampp\\htdocs\\blog2\\public\\index.php')
CRITICAL - 2023-10-04 02:26:03 --> Undefined variable $datos
in APPPATH\Views\posts\ejercicio05.php on line 14.
 1 APPPATH\Views\posts\ejercicio05.php(14): CodeIgniter\Debug\Exceptions->errorHandler(2, 'Undefined variable $datos', 'C:\\xampp\\htdocs\\blog2\\app\\Views\\posts\\ejercicio05.php', 14)
 2 SYSTEMPATH\View\View.php(226): include('C:\\xampp\\htdocs\\blog2\\app\\Views\\posts\\ejercicio05.php')
 3 SYSTEMPATH\View\View.php(229): CodeIgniter\View\View->CodeIgniter\View\{closure}()
 4 SYSTEMPATH\Common.php(1188): CodeIgniter\View\View->render('posts/ejercicio05', [], true)
 5 APPPATH\Controllers\PostController.php(31): view('posts/ejercicio05', [...])
 6 SYSTEMPATH\CodeIgniter.php(919): App\Controllers\PostController->ejercicio05()
 7 SYSTEMPATH\CodeIgniter.php(494): CodeIgniter\CodeIgniter->runController(Object(App\Controllers\PostController))
 8 SYSTEMPATH\CodeIgniter.php(353): CodeIgniter\CodeIgniter->handleRequest(null, Object(Config\Cache), false)
 9 FCPATH\index.php(79): CodeIgniter\CodeIgniter->run()
10 SYSTEMPATH\Commands\Server\rewrite.php(47): require_once('C:\\xampp\\htdocs\\blog2\\public\\index.php')
CRITICAL - 2023-10-04 02:26:25 --> Undefined variable $datos
in APPPATH\Views\posts\ejercicio05.php on line 14.
 1 APPPATH\Views\posts\ejercicio05.php(14): CodeIgniter\Debug\Exceptions->errorHandler(2, 'Undefined variable $datos', 'C:\\xampp\\htdocs\\blog2\\app\\Views\\posts\\ejercicio05.php', 14)
 2 SYSTEMPATH\View\View.php(226): include('C:\\xampp\\htdocs\\blog2\\app\\Views\\posts\\ejercicio05.php')
 3 SYSTEMPATH\View\View.php(229): CodeIgniter\View\View->CodeIgniter\View\{closure}()
 4 SYSTEMPATH\Common.php(1188): CodeIgniter\View\View->render('posts/ejercicio05', [], true)
 5 APPPATH\Controllers\PostController.php(31): view('posts/ejercicio05', [...])
 6 SYSTEMPATH\CodeIgniter.php(919): App\Controllers\PostController->ejercicio05()
 7 SYSTEMPATH\CodeIgniter.php(494): CodeIgniter\CodeIgniter->runController(Object(App\Controllers\PostController))
 8 SYSTEMPATH\CodeIgniter.php(353): CodeIgniter\CodeIgniter->handleRequest(null, Object(Config\Cache), false)
 9 FCPATH\index.php(79): CodeIgniter\CodeIgniter->run()
10 SYSTEMPATH\Commands\Server\rewrite.php(47): require_once('C:\\xampp\\htdocs\\blog2\\public\\index.php')
CRITICAL - 2023-10-04 02:26:26 --> Undefined variable $datos
in APPPATH\Views\posts\ejercicio05.php on line 14.
 1 APPPATH\Views\posts\ejercicio05.php(14): CodeIgniter\Debug\Exceptions->errorHandler(2, 'Undefined variable $datos', 'C:\\xampp\\htdocs\\blog2\\app\\Views\\posts\\ejercicio05.php', 14)
 2 SYSTEMPATH\View\View.php(226): include('C:\\xampp\\htdocs\\blog2\\app\\Views\\posts\\ejercicio05.php')
 3 SYSTEMPATH\View\View.php(229): CodeIgniter\View\View->CodeIgniter\View\{closure}()
 4 SYSTEMPATH\Common.php(1188): CodeIgniter\View\View->render('posts/ejercicio05', [], true)
 5 APPPATH\Controllers\PostController.php(31): view('posts/ejercicio05', [...])
 6 SYSTEMPATH\CodeIgniter.php(919): App\Controllers\PostController->ejercicio05()
 7 SYSTEMPATH\CodeIgniter.php(494): CodeIgniter\CodeIgniter->runController(Object(App\Controllers\PostController))
 8 SYSTEMPATH\CodeIgniter.php(353): CodeIgniter\CodeIgniter->handleRequest(null, Object(Config\Cache), false)
 9 FCPATH\index.php(79): CodeIgniter\CodeIgniter->run()
10 SYSTEMPATH\Commands\Server\rewrite.php(47): require_once('C:\\xampp\\htdocs\\blog2\\public\\index.php')
CRITICAL - 2023-10-04 02:26:44 --> Undefined variable $datos
in APPPATH\Views\posts\ejercicio05.php on line 14.
 1 APPPATH\Views\posts\ejercicio05.php(14): CodeIgniter\Debug\Exceptions->errorHandler(2, 'Undefined variable $datos', 'C:\\xampp\\htdocs\\blog2\\app\\Views\\posts\\ejercicio05.php', 14)
 2 SYSTEMPATH\View\View.php(226): include('C:\\xampp\\htdocs\\blog2\\app\\Views\\posts\\ejercicio05.php')
 3 SYSTEMPATH\View\View.php(229): CodeIgniter\View\View->CodeIgniter\View\{closure}()
 4 SYSTEMPATH\Common.php(1188): CodeIgniter\View\View->render('posts/ejercicio05', [], true)
 5 APPPATH\Controllers\PostController.php(30): view('posts/ejercicio05', [...])
 6 SYSTEMPATH\CodeIgniter.php(919): App\Controllers\PostController->ejercicio05()
 7 SYSTEMPATH\CodeIgniter.php(494): CodeIgniter\CodeIgniter->runController(Object(App\Controllers\PostController))
 8 SYSTEMPATH\CodeIgniter.php(353): CodeIgniter\CodeIgniter->handleRequest(null, Object(Config\Cache), false)
 9 FCPATH\index.php(79): CodeIgniter\CodeIgniter->run()
10 SYSTEMPATH\Commands\Server\rewrite.php(47): require_once('C:\\xampp\\htdocs\\blog2\\public\\index.php')
CRITICAL - 2023-10-04 02:26:45 --> Undefined variable $datos
in APPPATH\Views\posts\ejercicio05.php on line 14.
 1 APPPATH\Views\posts\ejercicio05.php(14): CodeIgniter\Debug\Exceptions->errorHandler(2, 'Undefined variable $datos', 'C:\\xampp\\htdocs\\blog2\\app\\Views\\posts\\ejercicio05.php', 14)
 2 SYSTEMPATH\View\View.php(226): include('C:\\xampp\\htdocs\\blog2\\app\\Views\\posts\\ejercicio05.php')
 3 SYSTEMPATH\View\View.php(229): CodeIgniter\View\View->CodeIgniter\View\{closure}()
 4 SYSTEMPATH\Common.php(1188): CodeIgniter\View\View->render('posts/ejercicio05', [], true)
 5 APPPATH\Controllers\PostController.php(30): view('posts/ejercicio05', [...])
 6 SYSTEMPATH\CodeIgniter.php(919): App\Controllers\PostController->ejercicio05()
 7 SYSTEMPATH\CodeIgniter.php(494): CodeIgniter\CodeIgniter->runController(Object(App\Controllers\PostController))
 8 SYSTEMPATH\CodeIgniter.php(353): CodeIgniter\CodeIgniter->handleRequest(null, Object(Config\Cache), false)
 9 FCPATH\index.php(79): CodeIgniter\CodeIgniter->run()
10 SYSTEMPATH\Commands\Server\rewrite.php(47): require_once('C:\\xampp\\htdocs\\blog2\\public\\index.php')
CRITICAL - 2023-10-04 02:26:45 --> Undefined variable $datos
in APPPATH\Views\posts\ejercicio05.php on line 14.
 1 APPPATH\Views\posts\ejercicio05.php(14): CodeIgniter\Debug\Exceptions->errorHandler(2, 'Undefined variable $datos', 'C:\\xampp\\htdocs\\blog2\\app\\Views\\posts\\ejercicio05.php', 14)
 2 SYSTEMPATH\View\View.php(226): include('C:\\xampp\\htdocs\\blog2\\app\\Views\\posts\\ejercicio05.php')
 3 SYSTEMPATH\View\View.php(229): CodeIgniter\View\View->CodeIgniter\View\{closure}()
 4 SYSTEMPATH\Common.php(1188): CodeIgniter\View\View->render('posts/ejercicio05', [], true)
 5 APPPATH\Controllers\PostController.php(30): view('posts/ejercicio05', [...])
 6 SYSTEMPATH\CodeIgniter.php(919): App\Controllers\PostController->ejercicio05()
 7 SYSTEMPATH\CodeIgniter.php(494): CodeIgniter\CodeIgniter->runController(Object(App\Controllers\PostController))
 8 SYSTEMPATH\CodeIgniter.php(353): CodeIgniter\CodeIgniter->handleRequest(null, Object(Config\Cache), false)
 9 FCPATH\index.php(79): CodeIgniter\CodeIgniter->run()
10 SYSTEMPATH\Commands\Server\rewrite.php(47): require_once('C:\\xampp\\htdocs\\blog2\\public\\index.php')
CRITICAL - 2023-10-04 02:26:46 --> Undefined variable $datos
in APPPATH\Views\posts\ejercicio05.php on line 14.
 1 APPPATH\Views\posts\ejercicio05.php(14): CodeIgniter\Debug\Exceptions->errorHandler(2, 'Undefined variable $datos', 'C:\\xampp\\htdocs\\blog2\\app\\Views\\posts\\ejercicio05.php', 14)
 2 SYSTEMPATH\View\View.php(226): include('C:\\xampp\\htdocs\\blog2\\app\\Views\\posts\\ejercicio05.php')
 3 SYSTEMPATH\View\View.php(229): CodeIgniter\View\View->CodeIgniter\View\{closure}()
 4 SYSTEMPATH\Common.php(1188): CodeIgniter\View\View->render('posts/ejercicio05', [], true)
 5 APPPATH\Controllers\PostController.php(30): view('posts/ejercicio05', [...])
 6 SYSTEMPATH\CodeIgniter.php(919): App\Controllers\PostController->ejercicio05()
 7 SYSTEMPATH\CodeIgniter.php(494): CodeIgniter\CodeIgniter->runController(Object(App\Controllers\PostController))
 8 SYSTEMPATH\CodeIgniter.php(353): CodeIgniter\CodeIgniter->handleRequest(null, Object(Config\Cache), false)
 9 FCPATH\index.php(79): CodeIgniter\CodeIgniter->run()
10 SYSTEMPATH\Commands\Server\rewrite.php(47): require_once('C:\\xampp\\htdocs\\blog2\\public\\index.php')
CRITICAL - 2023-10-04 02:26:46 --> Undefined variable $datos
in APPPATH\Views\posts\ejercicio05.php on line 14.
 1 APPPATH\Views\posts\ejercicio05.php(14): CodeIgniter\Debug\Exceptions->errorHandler(2, 'Undefined variable $datos', 'C:\\xampp\\htdocs\\blog2\\app\\Views\\posts\\ejercicio05.php', 14)
 2 SYSTEMPATH\View\View.php(226): include('C:\\xampp\\htdocs\\blog2\\app\\Views\\posts\\ejercicio05.php')
 3 SYSTEMPATH\View\View.php(229): CodeIgniter\View\View->CodeIgniter\View\{closure}()
 4 SYSTEMPATH\Common.php(1188): CodeIgniter\View\View->render('posts/ejercicio05', [], true)
 5 APPPATH\Controllers\PostController.php(30): view('posts/ejercicio05', [...])
 6 SYSTEMPATH\CodeIgniter.php(919): App\Controllers\PostController->ejercicio05()
 7 SYSTEMPATH\CodeIgniter.php(494): CodeIgniter\CodeIgniter->runController(Object(App\Controllers\PostController))
 8 SYSTEMPATH\CodeIgniter.php(353): CodeIgniter\CodeIgniter->handleRequest(null, Object(Config\Cache), false)
 9 FCPATH\index.php(79): CodeIgniter\CodeIgniter->run()
10 SYSTEMPATH\Commands\Server\rewrite.php(47): require_once('C:\\xampp\\htdocs\\blog2\\public\\index.php')
CRITICAL - 2023-10-04 02:26:46 --> Undefined variable $datos
in APPPATH\Views\posts\ejercicio05.php on line 14.
 1 APPPATH\Views\posts\ejercicio05.php(14): CodeIgniter\Debug\Exceptions->errorHandler(2, 'Undefined variable $datos', 'C:\\xampp\\htdocs\\blog2\\app\\Views\\posts\\ejercicio05.php', 14)
 2 SYSTEMPATH\View\View.php(226): include('C:\\xampp\\htdocs\\blog2\\app\\Views\\posts\\ejercicio05.php')
 3 SYSTEMPATH\View\View.php(229): CodeIgniter\View\View->CodeIgniter\View\{closure}()
 4 SYSTEMPATH\Common.php(1188): CodeIgniter\View\View->render('posts/ejercicio05', [], true)
 5 APPPATH\Controllers\PostController.php(30): view('posts/ejercicio05', [...])
 6 SYSTEMPATH\CodeIgniter.php(919): App\Controllers\PostController->ejercicio05()
 7 SYSTEMPATH\CodeIgniter.php(494): CodeIgniter\CodeIgniter->runController(Object(App\Controllers\PostController))
 8 SYSTEMPATH\CodeIgniter.php(353): CodeIgniter\CodeIgniter->handleRequest(null, Object(Config\Cache), false)
 9 FCPATH\index.php(79): CodeIgniter\CodeIgniter->run()
10 SYSTEMPATH\Commands\Server\rewrite.php(47): require_once('C:\\xampp\\htdocs\\blog2\\public\\index.php')
ERROR - 2023-10-04 02:27:58 --> mysqli_sql_exception: Table 'blog.pategories' doesn't exist in C:\xampp\htdocs\blog2\system\Database\MySQLi\Connection.php:306
Stack trace:
#0 C:\xampp\htdocs\blog2\system\Database\MySQLi\Connection.php(306): mysqli->query('select count(*)...', 0)
#1 C:\xampp\htdocs\blog2\system\Database\BaseConnection.php(692): CodeIgniter\Database\MySQLi\Connection->execute('select count(*)...')
#2 C:\xampp\htdocs\blog2\system\Database\BaseConnection.php(606): CodeIgniter\Database\BaseConnection->simpleQuery('select count(*)...')
#3 C:\xampp\htdocs\blog2\app\Controllers\PostController.php(24): CodeIgniter\Database\BaseConnection->query('select count(*)...')
#4 C:\xampp\htdocs\blog2\system\CodeIgniter.php(919): App\Controllers\PostController->ejercicio05()
#5 C:\xampp\htdocs\blog2\system\CodeIgniter.php(494): CodeIgniter\CodeIgniter->runController(Object(App\Controllers\PostController))
#6 C:\xampp\htdocs\blog2\system\CodeIgniter.php(353): CodeIgniter\CodeIgniter->handleRequest(NULL, Object(Config\Cache), false)
#7 C:\xampp\htdocs\blog2\public\index.php(79): CodeIgniter\CodeIgniter->run()
#8 C:\xampp\htdocs\blog2\system\Commands\Server\rewrite.php(47): require_once('C:\\xampp\\htdocs...')
#9 {main}
CRITICAL - 2023-10-04 02:27:58 --> Table 'blog.pategories' doesn't exist
in SYSTEMPATH\Database\BaseConnection.php on line 646.
 1 APPPATH\Controllers\PostController.php(24): CodeIgniter\Database\BaseConnection->query('select count(*) from pategories')
 2 SYSTEMPATH\CodeIgniter.php(919): App\Controllers\PostController->ejercicio05()
 3 SYSTEMPATH\CodeIgniter.php(494): CodeIgniter\CodeIgniter->runController(Object(App\Controllers\PostController))
 4 SYSTEMPATH\CodeIgniter.php(353): CodeIgniter\CodeIgniter->handleRequest(null, Object(Config\Cache), false)
 5 FCPATH\index.php(79): CodeIgniter\CodeIgniter->run()
 6 SYSTEMPATH\Commands\Server\rewrite.php(47): require_once('C:\\xampp\\htdocs\\blog2\\public\\index.php')
CRITICAL - 2023-10-04 05:14:20 --> Undefined variable $datos
in APPPATH\Views\posts\ejercicio05.php on line 14.
 1 APPPATH\Views\posts\ejercicio05.php(14): CodeIgniter\Debug\Exceptions->errorHandler(2, 'Undefined variable $datos', 'C:\\xampp\\htdocs\\blog2\\app\\Views\\posts\\ejercicio05.php', 14)
 2 SYSTEMPATH\View\View.php(226): include('C:\\xampp\\htdocs\\blog2\\app\\Views\\posts\\ejercicio05.php')
 3 SYSTEMPATH\View\View.php(229): CodeIgniter\View\View->CodeIgniter\View\{closure}()
 4 SYSTEMPATH\Common.php(1188): CodeIgniter\View\View->render('posts/ejercicio05', [], true)
 5 APPPATH\Controllers\PostController.php(34): view('posts/ejercicio05', [...])
 6 SYSTEMPATH\CodeIgniter.php(919): App\Controllers\PostController->ejercicio05()
 7 SYSTEMPATH\CodeIgniter.php(494): CodeIgniter\CodeIgniter->runController(Object(App\Controllers\PostController))
 8 SYSTEMPATH\CodeIgniter.php(353): CodeIgniter\CodeIgniter->handleRequest(null, Object(Config\Cache), false)
 9 FCPATH\index.php(79): CodeIgniter\CodeIgniter->run()
10 SYSTEMPATH\Commands\Server\rewrite.php(47): require_once('C:\\xampp\\htdocs\\blog2\\public\\index.php')
CRITICAL - 2023-10-04 05:18:59 --> Undefined variable $datos
in APPPATH\Views\posts\ejercicio05.php on line 14.
 1 APPPATH\Views\posts\ejercicio05.php(14): CodeIgniter\Debug\Exceptions->errorHandler(2, 'Undefined variable $datos', 'C:\\xampp\\htdocs\\blog2\\app\\Views\\posts\\ejercicio05.php', 14)
 2 SYSTEMPATH\View\View.php(226): include('C:\\xampp\\htdocs\\blog2\\app\\Views\\posts\\ejercicio05.php')
 3 SYSTEMPATH\View\View.php(229): CodeIgniter\View\View->CodeIgniter\View\{closure}()
 4 SYSTEMPATH\Common.php(1188): CodeIgniter\View\View->render('posts/ejercicio05', [], true)
 5 APPPATH\Controllers\PostController.php(59): view('posts/ejercicio05', [...])
 6 SYSTEMPATH\CodeIgniter.php(919): App\Controllers\PostController->ejercicio05()
 7 SYSTEMPATH\CodeIgniter.php(494): CodeIgniter\CodeIgniter->runController(Object(App\Controllers\PostController))
 8 SYSTEMPATH\CodeIgniter.php(353): CodeIgniter\CodeIgniter->handleRequest(null, Object(Config\Cache), false)
 9 FCPATH\index.php(79): CodeIgniter\CodeIgniter->run()
10 SYSTEMPATH\Commands\Server\rewrite.php(47): require_once('C:\\xampp\\htdocs\\blog2\\public\\index.php')
CRITICAL - 2023-10-04 05:19:00 --> Undefined variable $datos
in APPPATH\Views\posts\ejercicio05.php on line 14.
 1 APPPATH\Views\posts\ejercicio05.php(14): CodeIgniter\Debug\Exceptions->errorHandler(2, 'Undefined variable $datos', 'C:\\xampp\\htdocs\\blog2\\app\\Views\\posts\\ejercicio05.php', 14)
 2 SYSTEMPATH\View\View.php(226): include('C:\\xampp\\htdocs\\blog2\\app\\Views\\posts\\ejercicio05.php')
 3 SYSTEMPATH\View\View.php(229): CodeIgniter\View\View->CodeIgniter\View\{closure}()
 4 SYSTEMPATH\Common.php(1188): CodeIgniter\View\View->render('posts/ejercicio05', [], true)
 5 APPPATH\Controllers\PostController.php(59): view('posts/ejercicio05', [...])
 6 SYSTEMPATH\CodeIgniter.php(919): App\Controllers\PostController->ejercicio05()
 7 SYSTEMPATH\CodeIgniter.php(494): CodeIgniter\CodeIgniter->runController(Object(App\Controllers\PostController))
 8 SYSTEMPATH\CodeIgniter.php(353): CodeIgniter\CodeIgniter->handleRequest(null, Object(Config\Cache), false)
 9 FCPATH\index.php(79): CodeIgniter\CodeIgniter->run()
10 SYSTEMPATH\Commands\Server\rewrite.php(47): require_once('C:\\xampp\\htdocs\\blog2\\public\\index.php')
CRITICAL - 2023-10-04 14:18:56 --> Undefined variable $totalUsers
in APPPATH\Views\posts\ejercicio05.php on line 10.
 1 APPPATH\Views\posts\ejercicio05.php(10): CodeIgniter\Debug\Exceptions->errorHandler(2, 'Undefined variable $totalUsers', 'C:\\xampp\\htdocs\\blog2\\app\\Views\\posts\\ejercicio05.php', 10)
 2 SYSTEMPATH\View\View.php(226): include('C:\\xampp\\htdocs\\blog2\\app\\Views\\posts\\ejercicio05.php')
 3 SYSTEMPATH\View\View.php(229): CodeIgniter\View\View->CodeIgniter\View\{closure}()
 4 SYSTEMPATH\Common.php(1188): CodeIgniter\View\View->render('posts/ejercicio05', [], true)
 5 APPPATH\Controllers\PostController.php(59): view('posts/ejercicio05', [...])
 6 SYSTEMPATH\CodeIgniter.php(919): App\Controllers\PostController->ejercicio05()
 7 SYSTEMPATH\CodeIgniter.php(494): CodeIgniter\CodeIgniter->runController(Object(App\Controllers\PostController))
 8 SYSTEMPATH\CodeIgniter.php(353): CodeIgniter\CodeIgniter->handleRequest(null, Object(Config\Cache), false)
 9 FCPATH\index.php(79): CodeIgniter\CodeIgniter->run()
10 SYSTEMPATH\Commands\Server\rewrite.php(47): require_once('C:\\xampp\\htdocs\\blog2\\public\\index.php')
CRITICAL - 2023-10-04 15:04:19 --> Undefined array key "title"
in APPPATH\Views\posts\ejercicio02.php on line 15.
 1 APPPATH\Views\posts\ejercicio02.php(15): CodeIgniter\Debug\Exceptions->errorHandler(2, 'Undefined array key "title"', 'C:\\xampp\\htdocs\\blog2\\app\\Views\\posts\\ejercicio02.php', 15)
 2 SYSTEMPATH\View\View.php(226): include('C:\\xampp\\htdocs\\blog2\\app\\Views\\posts\\ejercicio02.php')
 3 SYSTEMPATH\View\View.php(229): CodeIgniter\View\View->CodeIgniter\View\{closure}()
 4 SYSTEMPATH\Common.php(1188): CodeIgniter\View\View->render('posts/ejercicio02', [], true)
 5 APPPATH\Controllers\PostController.php(28): view('posts/ejercicio02', [...])
 6 SYSTEMPATH\CodeIgniter.php(919): App\Controllers\PostController->ejercicio02()
 7 SYSTEMPATH\CodeIgniter.php(494): CodeIgniter\CodeIgniter->runController(Object(App\Controllers\PostController))
 8 SYSTEMPATH\CodeIgniter.php(353): CodeIgniter\CodeIgniter->handleRequest(null, Object(Config\Cache), false)
 9 FCPATH\index.php(79): CodeIgniter\CodeIgniter->run()
10 SYSTEMPATH\Commands\Server\rewrite.php(47): require_once('C:\\xampp\\htdocs\\blog2\\public\\index.php')
CRITICAL - 2023-10-04 15:05:20 --> Undefined array key "title"
in APPPATH\Views\posts\ejercicio02.php on line 15.
 1 APPPATH\Views\posts\ejercicio02.php(15): CodeIgniter\Debug\Exceptions->errorHandler(2, 'Undefined array key "title"', 'C:\\xampp\\htdocs\\blog2\\app\\Views\\posts\\ejercicio02.php', 15)
 2 SYSTEMPATH\View\View.php(226): include('C:\\xampp\\htdocs\\blog2\\app\\Views\\posts\\ejercicio02.php')
 3 SYSTEMPATH\View\View.php(229): CodeIgniter\View\View->CodeIgniter\View\{closure}()
 4 SYSTEMPATH\Common.php(1188): CodeIgniter\View\View->render('posts/ejercicio02', [], true)
 5 APPPATH\Controllers\PostController.php(28): view('posts/ejercicio02', [...])
 6 SYSTEMPATH\CodeIgniter.php(919): App\Controllers\PostController->ejercicio02()
 7 SYSTEMPATH\CodeIgniter.php(494): CodeIgniter\CodeIgniter->runController(Object(App\Controllers\PostController))
 8 SYSTEMPATH\CodeIgniter.php(353): CodeIgniter\CodeIgniter->handleRequest(null, Object(Config\Cache), false)
 9 FCPATH\index.php(79): CodeIgniter\CodeIgniter->run()
10 SYSTEMPATH\Commands\Server\rewrite.php(47): require_once('C:\\xampp\\htdocs\\blog2\\public\\index.php')
CRITICAL - 2023-10-04 15:06:10 --> Undefined array key "title"
in APPPATH\Views\posts\ejercicio02.php on line 15.
 1 APPPATH\Views\posts\ejercicio02.php(15): CodeIgniter\Debug\Exceptions->errorHandler(2, 'Undefined array key "title"', 'C:\\xampp\\htdocs\\blog2\\app\\Views\\posts\\ejercicio02.php', 15)
 2 SYSTEMPATH\View\View.php(226): include('C:\\xampp\\htdocs\\blog2\\app\\Views\\posts\\ejercicio02.php')
 3 SYSTEMPATH\View\View.php(229): CodeIgniter\View\View->CodeIgniter\View\{closure}()
 4 SYSTEMPATH\Common.php(1188): CodeIgniter\View\View->render('posts/ejercicio02', [], true)
 5 APPPATH\Controllers\PostController.php(28): view('posts/ejercicio02', [...])
 6 SYSTEMPATH\CodeIgniter.php(919): App\Controllers\PostController->ejercicio02()
 7 SYSTEMPATH\CodeIgniter.php(494): CodeIgniter\CodeIgniter->runController(Object(App\Controllers\PostController))
 8 SYSTEMPATH\CodeIgniter.php(353): CodeIgniter\CodeIgniter->handleRequest(null, Object(Config\Cache), false)
 9 FCPATH\index.php(79): CodeIgniter\CodeIgniter->run()
10 SYSTEMPATH\Commands\Server\rewrite.php(47): require_once('C:\\xampp\\htdocs\\blog2\\public\\index.php')
CRITICAL - 2023-10-04 15:07:05 --> Undefined array key "title"
in APPPATH\Views\posts\ejercicio02.php on line 15.
 1 APPPATH\Views\posts\ejercicio02.php(15): CodeIgniter\Debug\Exceptions->errorHandler(2, 'Undefined array key "title"', 'C:\\xampp\\htdocs\\blog2\\app\\Views\\posts\\ejercicio02.php', 15)
 2 SYSTEMPATH\View\View.php(226): include('C:\\xampp\\htdocs\\blog2\\app\\Views\\posts\\ejercicio02.php')
 3 SYSTEMPATH\View\View.php(229): CodeIgniter\View\View->CodeIgniter\View\{closure}()
 4 SYSTEMPATH\Common.php(1188): CodeIgniter\View\View->render('posts/ejercicio02', [], true)
 5 APPPATH\Controllers\PostController.php(28): view('posts/ejercicio02', [...])
 6 SYSTEMPATH\CodeIgniter.php(919): App\Controllers\PostController->ejercicio02()
 7 SYSTEMPATH\CodeIgniter.php(494): CodeIgniter\CodeIgniter->runController(Object(App\Controllers\PostController))
 8 SYSTEMPATH\CodeIgniter.php(353): CodeIgniter\CodeIgniter->handleRequest(null, Object(Config\Cache), false)
 9 FCPATH\index.php(79): CodeIgniter\CodeIgniter->run()
10 SYSTEMPATH\Commands\Server\rewrite.php(47): require_once('C:\\xampp\\htdocs\\blog2\\public\\index.php')
